Using pre-set license
Built from '2021.2/staging' branch; Version is '2021.2.14f1 (bcb93e5482d2) revision 12368190'; Using compiler version '192829333'; Build Type 'Release'
OS: 'Windows 11  (10.0.22000) 64bit Core' Language: 'en' Physical Memory: 32581 MB
BatchMode: 1, IsHumanControllingUs: 0, StartBugReporterOnCrash: 0, Is64bit: 1, IsPro: 1

COMMAND LINE ARGUMENTS:
C:\Program Files (x86)\Unity\Unity 2021.2.14f1\Editor\Unity.exe
-adb2
-batchMode
-noUpm
-name
AssetImportWorker0
-projectPath
C:/Main/Programming Projects/Unity/Hobo with a Raygun
-logFile
Logs/AssetImportWorker0.log
-srvPort
63937
Successfully changed project path to: C:/Main/Programming Projects/Unity/Hobo with a Raygun
C:/Main/Programming Projects/Unity/Hobo with a Raygun
[UnityMemory] Configuration Parameters - Can be set up in boot.config
    "memorysetup-bucket-allocator-granularity=16"
    "memorysetup-bucket-allocator-bucket-count=8"
    "memorysetup-bucket-allocator-block-size=33554432"
    "memorysetup-bucket-allocator-block-count=8"
    "memorysetup-main-allocator-block-size=16777216"
    "memorysetup-thread-allocator-block-size=16777216"
    "memorysetup-gfx-main-allocator-block-size=16777216"
    "memorysetup-gfx-thread-allocator-block-size=16777216"
    "memorysetup-cache-allocator-block-size=4194304"
    "memorysetup-typetree-allocator-block-size=2097152"
    "memorysetup-profiler-bucket-allocator-granularity=16"
    "memorysetup-profiler-bucket-allocator-bucket-count=8"
    "memorysetup-profiler-bucket-allocator-block-size=33554432"
    "memorysetup-profiler-bucket-allocator-block-count=8"
    "memorysetup-profiler-allocator-block-size=16777216"
    "memorysetup-profiler-editor-allocator-block-size=1048576"
    "memorysetup-temp-allocator-size-main=16777216"
    "memorysetup-job-temp-allocator-block-size=2097152"
    "memorysetup-job-temp-allocator-block-size-background=1048576"
    "memorysetup-job-temp-allocator-reduction-small-platforms=262144"
    "memorysetup-temp-allocator-size-background-worker=32768"
    "memorysetup-temp-allocator-size-job-worker=262144"
    "memorysetup-temp-allocator-size-preload-manager=33554432"
    "memorysetup-temp-allocator-size-nav-mesh-worker=65536"
    "memorysetup-temp-allocator-size-audio-worker=65536"
    "memorysetup-temp-allocator-size-cloud-worker=32768"
    "memorysetup-temp-allocator-size-gi-baking-worker=262144"
    "memorysetup-temp-allocator-size-gfx=262144"
Refreshing native plugins compatible for Editor in 35.28 ms, found 2 plugins.
Preloading 0 native plugins for Editor in 0.00 ms.
Initialize engine version: 2021.2.14f1 (bcb93e5482d2)
[Subsystems] Discovering subsystems at path C:/Program Files (x86)/Unity/Unity 2021.2.14f1/Editor/Data/Resources/UnitySubsystems
[Subsystems] Discovering subsystems at path C:/Main/Programming Projects/Unity/Hobo with a Raygun/Assets
GfxDevice: creating device client; threaded=0; jobified=0
Direct3D:
    Version:  Direct3D 11.0 [level 11.1]
    Renderer: NVIDIA GeForce RTX 3060 Ti (ID=0x2489)
    Vendor:   NVIDIA
    VRAM:     8050 MB
    Driver:   30.0.15.1215
Initialize mono
Mono path[0] = 'C:/Program Files (x86)/Unity/Unity 2021.2.14f1/Editor/Data/Managed'
Mono path[1] = 'C:/Program Files (x86)/Unity/Unity 2021.2.14f1/Editor/Data/MonoBleedingEdge/lib/mono/unityjit-win32'
Mono config path = 'C:/Program Files (x86)/Unity/Unity 2021.2.14f1/Editor/Data/MonoBleedingEdge/etc'
Using monoOptions --debugger-agent=transport=dt_socket,embedding=1,server=y,suspend=n,address=127.0.0.1:56860
Begin MonoManager ReloadAssembly
Registering precompiled unity dll's ...
Register platform support module: C:/Program Files (x86)/Unity/Unity 2021.2.14f1/Editor/Data/PlaybackEngines/WindowsStandaloneSupport/UnityEditor.WindowsStandalone.Extensions.dll
Registered in 0.002597 seconds.
Native extension for WindowsStandalone target not found
Refreshing native plugins compatible for Editor in 33.55 ms, found 2 plugins.
Preloading 0 native plugins for Editor in 0.00 ms.
Mono: successfully reloaded assembly
- Completed reload, in  0.453 seconds
Domain Reload Profiling:
	ReloadAssembly (453ms)
		BeginReloadAssembly (57ms)
			ExecutionOrderSort (0ms)
			DisableScriptedObjects (0ms)
			BackupInstance (0ms)
			ReleaseScriptingObjects (0ms)
			CreateAndSetChildDomain (1ms)
		EndReloadAssembly (316ms)
			LoadAssemblies (55ms)
			RebuildTransferFunctionScriptingTraits (0ms)
			SetupTypeCache (75ms)
			ReleaseScriptCaches (0ms)
			RebuildScriptCaches (23ms)
			SetupLoadedEditorAssemblies (179ms)
				LogAssemblyErrors (0ms)
				InitializePlatformSupportModulesInManaged (5ms)
				SetLoadedEditorAssemblies (0ms)
				RefreshPlugins (34ms)
				BeforeProcessingInitializeOnLoad (1ms)
				ProcessInitializeOnLoadAttributes (107ms)
				ProcessInitializeOnLoadMethodAttributes (32ms)
				AfterProcessingInitializeOnLoad (0ms)
				EditorAssembliesLoaded (0ms)
			ExecutionOrderSort2 (0ms)
			AwakeInstancesAfterBackupRestoration (0ms)
Platform modules already initialized, skipping
Registering precompiled user dll's ...
Registered in 0.002121 seconds.
Begin MonoManager ReloadAssembly
Native extension for WindowsStandalone target not found
Refreshing native plugins compatible for Editor in 0.45 ms, found 2 plugins.
Preloading 0 native plugins for Editor in 0.00 ms.
Package Manager log level set to [2]
Mono: successfully reloaded assembly
- Completed reload, in  0.704 seconds
Domain Reload Profiling:
	ReloadAssembly (704ms)
		BeginReloadAssembly (76ms)
			ExecutionOrderSort (0ms)
			DisableScriptedObjects (4ms)
			BackupInstance (0ms)
			ReleaseScriptingObjects (0ms)
			CreateAndSetChildDomain (13ms)
		EndReloadAssembly (544ms)
			LoadAssemblies (51ms)
			RebuildTransferFunctionScriptingTraits (0ms)
			SetupTypeCache (130ms)
			ReleaseScriptCaches (0ms)
			RebuildScriptCaches (33ms)
			SetupLoadedEditorAssemblies (294ms)
				LogAssemblyErrors (0ms)
				InitializePlatformSupportModulesInManaged (3ms)
				SetLoadedEditorAssemblies (0ms)
				RefreshPlugins (0ms)
				BeforeProcessingInitializeOnLoad (47ms)
				ProcessInitializeOnLoadAttributes (149ms)
				ProcessInitializeOnLoadMethodAttributes (89ms)
				AfterProcessingInitializeOnLoad (5ms)
				EditorAssembliesLoaded (0ms)
			ExecutionOrderSort2 (0ms)
			AwakeInstancesAfterBackupRestoration (6ms)
Platform modules already initialized, skipping
========================================================================
Worker process is ready to serve import requests
Launched and connected shader compiler UnityShaderCompiler.exe after 0.03 seconds
Refreshing native plugins compatible for Editor in 0.65 ms, found 2 plugins.
Preloading 0 native plugins for Editor in 0.00 ms.
Unloading 2218 Unused Serialized files (Serialized files now loaded: 0)
Unloading 55 unused Assets / (56.8 KB). Loaded Objects now: 2655.
Memory consumption went from 88.3 MB to 88.2 MB.
Total: 4.863800 ms (FindLiveObjects: 0.127900 ms CreateObjectMapping: 0.045700 ms MarkObjects: 4.617800 ms  DeleteObjects: 0.071200 ms)

AssetImportParameters requested are different than current active one (requested -> active):
  custom:video-decoder-ogg-theora: a1e56fd34408186e4bbccfd4996cb3dc -> 
  custom:container-muxer-webm: aa71ff27fc2769a1b78a27578f13a17b -> 
  custom:container-demuxer-webm: 4f35f7cbe854078d1ac9338744f61a02 -> 
  custom:video-encoder-webm-vp8: eb34c28f22e8b96e1ab97ce403110664 -> 
  custom:audio-encoder-webm-vorbis: bf7c407c2cedff20999df2af8eb42d56 -> 
  custom:framework-win-MediaFoundation: 216162199b28c13a410421893ffa2e32 -> 
  custom:container-demuxer-ogg: 62fdf1f143b41e24485cea50d1cbac27 -> 
  custom:video-decoder-webm-vp8: 9c59270c3fd7afecdb556c50c9e8de78 -> 
  custom:audio-decoder-ogg-vorbis: bf7c407c2cedff20999df2af8eb42d56 -> 
========================================================================
Received Import Request.
  Time since last request: 890620.860637 seconds.
  path: Assets/Resources/GunA Old.png
  artifactKey: Guid(01a4d70dbc2680541b823890bed68284) Importer(815301076,1909f56bfc062723c751e8b465ee728b)
Start importing Assets/Resources/GunA Old.png using Guid(01a4d70dbc2680541b823890bed68284) Importer(815301076,1909f56bfc062723c751e8b465ee728b)  -> (artifact id: '4b7d325bcde2c255c74bda6b7386d94c') in 0.088164 seconds 
========================================================================
Received Import Request.
  Time since last request: 0.000025 seconds.
  path: Assets/Resources/F10.png
  artifactKey: Guid(f94e1368c330ecd4bb82cbc714038ce8) Importer(815301076,1909f56bfc062723c751e8b465ee728b)
Start importing Assets/Resources/F10.png using Guid(f94e1368c330ecd4bb82cbc714038ce8) Importer(815301076,1909f56bfc062723c751e8b465ee728b)  -> (artifact id: '539fc16dda058d2d2600125612e2c9e1') in 0.019937 seconds 
========================================================================
Received Import Request.
  Time since last request: 0.000028 seconds.
  path: Assets/Resources/HealthA.png
  artifactKey: Guid(ba343b8107fa6194b804b42afac94298) Importer(815301076,1909f56bfc062723c751e8b465ee728b)
Start importing Assets/Resources/HealthA.png using Guid(ba343b8107fa6194b804b42afac94298) Importer(815301076,1909f56bfc062723c751e8b465ee728b)  -> (artifact id: '22e7ee8c38eabc5203f1fb8fa98ba75d') in 0.016694 seconds 
========================================================================
Received Import Request.
  Time since last request: 0.000015 seconds.
  path: Assets/Resources/F01.png
  artifactKey: Guid(b4357e12aea779747b4afacd58928a0c) Importer(815301076,1909f56bfc062723c751e8b465ee728b)
Start importing Assets/Resources/F01.png using Guid(b4357e12aea779747b4afacd58928a0c) Importer(815301076,1909f56bfc062723c751e8b465ee728b)  -> (artifact id: 'f907e088bfe53c69caa1b5eb196c6dd3') in 0.015048 seconds 
========================================================================
Received Import Request.
  Time since last request: 0.000017 seconds.
  path: Assets/Resources/Tertiarous.png
  artifactKey: Guid(190af529f81fcc740b6615fc1831bb29) Importer(815301076,1909f56bfc062723c751e8b465ee728b)
Start importing Assets/Resources/Tertiarous.png using Guid(190af529f81fcc740b6615fc1831bb29) Importer(815301076,1909f56bfc062723c751e8b465ee728b)  -> (artifact id: '14179366094058db4fb6400df77b2e17') in 0.013082 seconds 
========================================================================
Received Import Request.
  Time since last request: 0.000015 seconds.
  path: Assets/Resources
  artifactKey: Guid(e796f1cf8effc7a4ba9670c2c983d160) Importer(815301076,1909f56bfc062723c751e8b465ee728b)
Start importing Assets/Resources using Guid(e796f1cf8effc7a4ba9670c2c983d160) Importer(815301076,1909f56bfc062723c751e8b465ee728b)  -> (artifact id: '0d5ae135ef4ac828984cddc2d2036095') in 0.004157 seconds 
========================================================================
Received Import Request.
  Time since last request: 0.000022 seconds.
  path: Assets/Resources/Primarium.png
  artifactKey: Guid(7be926e0488e54443a959b0d96df29c3) Importer(815301076,1909f56bfc062723c751e8b465ee728b)
Start importing Assets/Resources/Primarium.png using Guid(7be926e0488e54443a959b0d96df29c3) Importer(815301076,1909f56bfc062723c751e8b465ee728b)  -> (artifact id: 'df3905ae0eea6deebd0b227b3ca8f077') in 0.013928 seconds 
========================================================================
Received Import Request.
  Time since last request: 0.000018 seconds.
  path: Assets/Resources/HealthB.png
  artifactKey: Guid(a6919b15df86e194eacb0d82a88bc6d6) Importer(815301076,1909f56bfc062723c751e8b465ee728b)
Start importing Assets/Resources/HealthB.png using Guid(a6919b15df86e194eacb0d82a88bc6d6) Importer(815301076,1909f56bfc062723c751e8b465ee728b)  -> (artifact id: 'c37eec73d2e2893ccaeaf9dd3cf996a6') in 0.014021 seconds 
========================================================================
Received Import Request.
  Time since last request: 0.000014 seconds.
  path: Assets/Resources/F22.png
  artifactKey: Guid(294ca12114e514841b4413175e6ed476) Importer(815301076,1909f56bfc062723c751e8b465ee728b)
Start importing Assets/Resources/F22.png using Guid(294ca12114e514841b4413175e6ed476) Importer(815301076,1909f56bfc062723c751e8b465ee728b)  -> (artifact id: 'a719ea69311b517567454b6e23266707') in 0.014394 seconds 
========================================================================
Received Import Request.
  Time since last request: 0.000016 seconds.
  path: Assets/2D Pixel RPG Monster Pack/bg.png
  artifactKey: Guid(5bb19db0a4016449caea716e96c9555e) Importer(815301076,1909f56bfc062723c751e8b465ee728b)
Start importing Assets/2D Pixel RPG Monster Pack/bg.png using Guid(5bb19db0a4016449caea716e96c9555e) Importer(815301076,1909f56bfc062723c751e8b465ee728b)  -> (artifact id: '89826945153acadbd5ec6864af8314da') in 0.192213 seconds 
========================================================================
Received Import Request.
  Time since last request: 4.845415 seconds.
  path: Assets/2D Pixel RPG Monster Pack/Font/Alata-Regular.ttf
  artifactKey: Guid(cbef7eefd49444c2381384e8be8f865f) Importer(815301076,1909f56bfc062723c751e8b465ee728b)
Start importing Assets/2D Pixel RPG Monster Pack/Font/Alata-Regular.ttf using Guid(cbef7eefd49444c2381384e8be8f865f) Importer(815301076,1909f56bfc062723c751e8b465ee728b)  -> (artifact id: '377965ce2ff91ba3c7595697721ef960') in 0.044034 seconds 
