Using pre-set license
Built from '2021.2/staging' branch; Version is '2021.2.14f1 (bcb93e5482d2) revision 12368190'; Using compiler version '192829333'; Build Type 'Release'
OS: 'Windows 11  (10.0.22000) 64bit Core' Language: 'en' Physical Memory: 32581 MB
BatchMode: 1, IsHumanControllingUs: 0, StartBugReporterOnCrash: 0, Is64bit: 1, IsPro: 1

COMMAND LINE ARGUMENTS:
C:\Program Files (x86)\Unity\Unity 2021.2.14f1\Editor\Unity.exe
-adb2
-batchMode
-noUpm
-name
AssetImportWorker1
-projectPath
C:/Main/Programming Projects/Unity/Hobo with a Raygun
-logFile
Logs/AssetImportWorker1.log
-srvPort
63937
Successfully changed project path to: C:/Main/Programming Projects/Unity/Hobo with a Raygun
C:/Main/Programming Projects/Unity/Hobo with a Raygun
[UnityMemory] Configuration Parameters - Can be set up in boot.config
    "memorysetup-bucket-allocator-granularity=16"
    "memorysetup-bucket-allocator-bucket-count=8"
    "memorysetup-bucket-allocator-block-size=33554432"
    "memorysetup-bucket-allocator-block-count=8"
    "memorysetup-main-allocator-block-size=16777216"
    "memorysetup-thread-allocator-block-size=16777216"
    "memorysetup-gfx-main-allocator-block-size=16777216"
    "memorysetup-gfx-thread-allocator-block-size=16777216"
    "memorysetup-cache-allocator-block-size=4194304"
    "memorysetup-typetree-allocator-block-size=2097152"
    "memorysetup-profiler-bucket-allocator-granularity=16"
    "memorysetup-profiler-bucket-allocator-bucket-count=8"
    "memorysetup-profiler-bucket-allocator-block-size=33554432"
    "memorysetup-profiler-bucket-allocator-block-count=8"
    "memorysetup-profiler-allocator-block-size=16777216"
    "memorysetup-profiler-editor-allocator-block-size=1048576"
    "memorysetup-temp-allocator-size-main=16777216"
    "memorysetup-job-temp-allocator-block-size=2097152"
    "memorysetup-job-temp-allocator-block-size-background=1048576"
    "memorysetup-job-temp-allocator-reduction-small-platforms=262144"
    "memorysetup-temp-allocator-size-background-worker=32768"
    "memorysetup-temp-allocator-size-job-worker=262144"
    "memorysetup-temp-allocator-size-preload-manager=33554432"
    "memorysetup-temp-allocator-size-nav-mesh-worker=65536"
    "memorysetup-temp-allocator-size-audio-worker=65536"
    "memorysetup-temp-allocator-size-cloud-worker=32768"
    "memorysetup-temp-allocator-size-gi-baking-worker=262144"
    "memorysetup-temp-allocator-size-gfx=262144"
Refreshing native plugins compatible for Editor in 36.38 ms, found 2 plugins.
Preloading 0 native plugins for Editor in 0.00 ms.
Initialize engine version: 2021.2.14f1 (bcb93e5482d2)
[Subsystems] Discovering subsystems at path C:/Program Files (x86)/Unity/Unity 2021.2.14f1/Editor/Data/Resources/UnitySubsystems
[Subsystems] Discovering subsystems at path C:/Main/Programming Projects/Unity/Hobo with a Raygun/Assets
GfxDevice: creating device client; threaded=0; jobified=0
Direct3D:
    Version:  Direct3D 11.0 [level 11.1]
    Renderer: NVIDIA GeForce RTX 3060 Ti (ID=0x2489)
    Vendor:   NVIDIA
    VRAM:     8050 MB
    Driver:   30.0.15.1215
Initialize mono
Mono path[0] = 'C:/Program Files (x86)/Unity/Unity 2021.2.14f1/Editor/Data/Managed'
Mono path[1] = 'C:/Program Files (x86)/Unity/Unity 2021.2.14f1/Editor/Data/MonoBleedingEdge/lib/mono/unityjit-win32'
Mono config path = 'C:/Program Files (x86)/Unity/Unity 2021.2.14f1/Editor/Data/MonoBleedingEdge/etc'
Using monoOptions --debugger-agent=transport=dt_socket,embedding=1,server=y,suspend=n,address=127.0.0.1:56804
Begin MonoManager ReloadAssembly
Registering precompiled unity dll's ...
Register platform support module: C:/Program Files (x86)/Unity/Unity 2021.2.14f1/Editor/Data/PlaybackEngines/WindowsStandaloneSupport/UnityEditor.WindowsStandalone.Extensions.dll
Registered in 0.002291 seconds.
Native extension for WindowsStandalone target not found
Refreshing native plugins compatible for Editor in 33.00 ms, found 2 plugins.
Preloading 0 native plugins for Editor in 0.00 ms.
Mono: successfully reloaded assembly
- Completed reload, in  0.461 seconds
Domain Reload Profiling:
	ReloadAssembly (462ms)
		BeginReloadAssembly (56ms)
			ExecutionOrderSort (0ms)
			DisableScriptedObjects (0ms)
			BackupInstance (0ms)
			ReleaseScriptingObjects (0ms)
			CreateAndSetChildDomain (1ms)
		EndReloadAssembly (331ms)
			LoadAssemblies (54ms)
			RebuildTransferFunctionScriptingTraits (0ms)
			SetupTypeCache (87ms)
			ReleaseScriptCaches (0ms)
			RebuildScriptCaches (20ms)
			SetupLoadedEditorAssemblies (182ms)
				LogAssemblyErrors (0ms)
				InitializePlatformSupportModulesInManaged (5ms)
				SetLoadedEditorAssemblies (0ms)
				RefreshPlugins (33ms)
				BeforeProcessingInitializeOnLoad (1ms)
				ProcessInitializeOnLoadAttributes (111ms)
				ProcessInitializeOnLoadMethodAttributes (31ms)
				AfterProcessingInitializeOnLoad (0ms)
				EditorAssembliesLoaded (0ms)
			ExecutionOrderSort2 (0ms)
			AwakeInstancesAfterBackupRestoration (0ms)
Platform modules already initialized, skipping
Registering precompiled user dll's ...
Registered in 0.002231 seconds.
Begin MonoManager ReloadAssembly
Native extension for WindowsStandalone target not found
Refreshing native plugins compatible for Editor in 0.68 ms, found 2 plugins.
Preloading 0 native plugins for Editor in 0.00 ms.
Package Manager log level set to [2]
Mono: successfully reloaded assembly
- Completed reload, in  0.717 seconds
Domain Reload Profiling:
	ReloadAssembly (717ms)
		BeginReloadAssembly (81ms)
			ExecutionOrderSort (0ms)
			DisableScriptedObjects (4ms)
			BackupInstance (0ms)
			ReleaseScriptingObjects (0ms)
			CreateAndSetChildDomain (15ms)
		EndReloadAssembly (558ms)
			LoadAssemblies (50ms)
			RebuildTransferFunctionScriptingTraits (0ms)
			SetupTypeCache (120ms)
			ReleaseScriptCaches (0ms)
			RebuildScriptCaches (38ms)
			SetupLoadedEditorAssemblies (318ms)
				LogAssemblyErrors (0ms)
				InitializePlatformSupportModulesInManaged (5ms)
				SetLoadedEditorAssemblies (0ms)
				RefreshPlugins (1ms)
				BeforeProcessingInitializeOnLoad (51ms)
				ProcessInitializeOnLoadAttributes (160ms)
				ProcessInitializeOnLoadMethodAttributes (97ms)
				AfterProcessingInitializeOnLoad (4ms)
				EditorAssembliesLoaded (0ms)
			ExecutionOrderSort2 (0ms)
			AwakeInstancesAfterBackupRestoration (4ms)
Platform modules already initialized, skipping
========================================================================
Worker process is ready to serve import requests
Launched and connected shader compiler UnityShaderCompiler.exe after 0.03 seconds
Refreshing native plugins compatible for Editor in 0.48 ms, found 2 plugins.
Preloading 0 native plugins for Editor in 0.00 ms.
Unloading 2218 Unused Serialized files (Serialized files now loaded: 0)
Unloading 55 unused Assets / (56.8 KB). Loaded Objects now: 2655.
Memory consumption went from 88.3 MB to 88.2 MB.
Total: 4.493900 ms (FindLiveObjects: 0.136500 ms CreateObjectMapping: 0.047600 ms MarkObjects: 4.235500 ms  DeleteObjects: 0.073100 ms)

AssetImportParameters requested are different than current active one (requested -> active):
  custom:video-decoder-ogg-theora: a1e56fd34408186e4bbccfd4996cb3dc -> 
  custom:container-muxer-webm: aa71ff27fc2769a1b78a27578f13a17b -> 
  custom:container-demuxer-webm: 4f35f7cbe854078d1ac9338744f61a02 -> 
  custom:video-encoder-webm-vp8: eb34c28f22e8b96e1ab97ce403110664 -> 
  custom:audio-encoder-webm-vorbis: bf7c407c2cedff20999df2af8eb42d56 -> 
  custom:framework-win-MediaFoundation: 216162199b28c13a410421893ffa2e32 -> 
  custom:container-demuxer-ogg: 62fdf1f143b41e24485cea50d1cbac27 -> 
  custom:video-decoder-webm-vp8: 9c59270c3fd7afecdb556c50c9e8de78 -> 
  custom:audio-decoder-ogg-vorbis: bf7c407c2cedff20999df2af8eb42d56 -> 
========================================================================
Received Import Request.
  Time since last request: 890620.879175 seconds.
  path: Assets/Resources/Secondite.png
  artifactKey: Guid(a2b8c4bb8e9ffb14eab3586aac0ef21f) Importer(815301076,1909f56bfc062723c751e8b465ee728b)
Start importing Assets/Resources/Secondite.png using Guid(a2b8c4bb8e9ffb14eab3586aac0ef21f) Importer(815301076,1909f56bfc062723c751e8b465ee728b)  -> (artifact id: '4446f95e2a5b721f6412c41b22258326') in 0.089991 seconds 
========================================================================
Received Import Request.
  Time since last request: 0.000026 seconds.
  path: Assets/Resources/GunA.png
  artifactKey: Guid(c88b5b9d88767bb4b94f4a72cb7abe14) Importer(815301076,1909f56bfc062723c751e8b465ee728b)
Start importing Assets/Resources/GunA.png using Guid(c88b5b9d88767bb4b94f4a72cb7abe14) Importer(815301076,1909f56bfc062723c751e8b465ee728b)  -> (artifact id: '6b78d49b271dd2dffec7c70fd628d727') in 0.016337 seconds 
========================================================================
Received Import Request.
  Time since last request: 0.000029 seconds.
  path: Assets/Resources/Empty.png
  artifactKey: Guid(f895ccc90039da445a25625a8de3af78) Importer(815301076,1909f56bfc062723c751e8b465ee728b)
Start importing Assets/Resources/Empty.png using Guid(f895ccc90039da445a25625a8de3af78) Importer(815301076,1909f56bfc062723c751e8b465ee728b)  -> (artifact id: '02e113f6657bc957e99dfb93ca8559e5') in 0.015027 seconds 
========================================================================
Received Import Request.
  Time since last request: 0.000021 seconds.
  path: Assets/Resources/Mine1A.png
  artifactKey: Guid(7fafdabf52f72a742a247f2609639f38) Importer(815301076,1909f56bfc062723c751e8b465ee728b)
Start importing Assets/Resources/Mine1A.png using Guid(7fafdabf52f72a742a247f2609639f38) Importer(815301076,1909f56bfc062723c751e8b465ee728b)  -> (artifact id: '5a42b2f03a4e3d9bc34d5caf593ad77c') in 0.013832 seconds 
========================================================================
Received Import Request.
  Time since last request: 0.000016 seconds.
  path: Assets/Resources/GunB.png
  artifactKey: Guid(5e62b0818f6536b4cb0659445054cffc) Importer(815301076,1909f56bfc062723c751e8b465ee728b)
Start importing Assets/Resources/GunB.png using Guid(5e62b0818f6536b4cb0659445054cffc) Importer(815301076,1909f56bfc062723c751e8b465ee728b)  -> (artifact id: 'db1a8a8e965d520adc524d825d92d74a') in 0.014467 seconds 
========================================================================
Received Import Request.
  Time since last request: 0.000015 seconds.
  path: Assets/Resources/GunC.png
  artifactKey: Guid(cd86675a70964c940bec0d33029314c1) Importer(815301076,1909f56bfc062723c751e8b465ee728b)
Start importing Assets/Resources/GunC.png using Guid(cd86675a70964c940bec0d33029314c1) Importer(815301076,1909f56bfc062723c751e8b465ee728b)  -> (artifact id: '0eedaf60b60a65de5fd56575d2ac0b04') in 0.014568 seconds 
========================================================================
Received Import Request.
  Time since last request: 0.000021 seconds.
  path: Assets/Resources/HealthC.png
  artifactKey: Guid(c96e0228f805a794db89435da16d0470) Importer(815301076,1909f56bfc062723c751e8b465ee728b)
Start importing Assets/Resources/HealthC.png using Guid(c96e0228f805a794db89435da16d0470) Importer(815301076,1909f56bfc062723c751e8b465ee728b)  -> (artifact id: 'ff5cb7f332888575a40bd4c3408959c9') in 0.013817 seconds 
========================================================================
Received Import Request.
  Time since last request: 0.000016 seconds.
  path: Assets/Resources/Mine2A.png
  artifactKey: Guid(f178f18cb54d2664dbdcdc9f9c748d60) Importer(815301076,1909f56bfc062723c751e8b465ee728b)
Start importing Assets/Resources/Mine2A.png using Guid(f178f18cb54d2664dbdcdc9f9c748d60) Importer(815301076,1909f56bfc062723c751e8b465ee728b)  -> (artifact id: 'eb2e7dfd46876386a896c3a321869214') in 0.018324 seconds 
========================================================================
Received Import Request.
  Time since last request: 0.000015 seconds.
  path: Assets/Resources/F00.png
  artifactKey: Guid(68f90742e8f4a6e4681285d102925fdd) Importer(815301076,1909f56bfc062723c751e8b465ee728b)
Start importing Assets/Resources/F00.png using Guid(68f90742e8f4a6e4681285d102925fdd) Importer(815301076,1909f56bfc062723c751e8b465ee728b)  -> (artifact id: '8bda9f5d1a218b50213f215193cf8529') in 0.018670 seconds 
========================================================================
Received Import Request.
  Time since last request: 0.000016 seconds.
  path: Assets/2D Pixel RPG Monster Pack
  artifactKey: Guid(9d160e5c684547f43b0444514b7beac6) Importer(815301076,1909f56bfc062723c751e8b465ee728b)
Start importing Assets/2D Pixel RPG Monster Pack using Guid(9d160e5c684547f43b0444514b7beac6) Importer(815301076,1909f56bfc062723c751e8b465ee728b)  -> (artifact id: '4f9e30b67d2ef0d538cb9108d654376b') in 0.007472 seconds 
========================================================================
Received Import Request.
  Time since last request: 0.000035 seconds.
  path: Assets/Resources/Mine2B.png
  artifactKey: Guid(76feb4f3f10fbc44f8c47bf984a2829c) Importer(815301076,1909f56bfc062723c751e8b465ee728b)
Start importing Assets/Resources/Mine2B.png using Guid(76feb4f3f10fbc44f8c47bf984a2829c) Importer(815301076,1909f56bfc062723c751e8b465ee728b)  -> (artifact id: '41b945120e708933dd3950973ea7ca0a') in 0.018543 seconds 
